[debug] [2018-10-29T05:43:05.110Z] ----------------------------------------------------------------------
[debug] [2018-10-29T05:43:05.112Z] Command:       C:\Program Files\nodejs\node.exe C:\Users\STD\AppData\Roaming\npm\node_modules\firebase-tools\bin\firebase serve
[debug] [2018-10-29T05:43:05.112Z] CLI Version:   4.2.1
[debug] [2018-10-29T05:43:05.112Z] Platform:      win32
[debug] [2018-10-29T05:43:05.112Z] Node Version:  v8.11.3
[debug] [2018-10-29T05:43:05.113Z] Time:          Mon Oct 29 2018 12:43:05 GMT+0700 (SE Asia Standard Time)
[debug] [2018-10-29T05:43:05.113Z] ----------------------------------------------------------------------
[debug] 
[debug] [2018-10-29T05:43:05.123Z] > command requires scopes: ["email","openid","https://www.googleapis.com/auth/cloudplatformprojects.readonly","https://www.googleapis.com/auth/firebase","https://www.googleapis.com/auth/cloud-platform"]
[debug] [2018-10-29T05:43:05.124Z] > authorizing via signed-in user
[debug] [2018-10-29T05:43:05.126Z] > refreshing access token with scopes: ["email","https://www.googleapis.com/auth/cloud-platform","https://www.googleapis.com/auth/cloudplatformprojects.readonly","https://www.googleapis.com/auth/firebase","openid"]
[debug] [2018-10-29T05:43:05.126Z] >>> HTTP REQUEST POST https://www.googleapis.com/oauth2/v3/token  

[debug] [2018-10-29T05:43:05.408Z] <<< HTTP RESPONSE 200
[debug] [2018-10-29T05:43:05.439Z] >>> HTTP REQUEST GET https://admin.firebase.com/v1/projects/shopee-bc901  
 
[debug] [2018-10-29T05:43:07.116Z] <<< HTTP RESPONSE 200
[debug] [2018-10-29T05:43:07.117Z] >>> HTTP REQUEST GET https://cloudresourcemanager.googleapis.com/v1/projects/shopee-bc901  
 
[debug] [2018-10-29T05:43:08.677Z] <<< HTTP RESPONSE 200
[info] 
[info] === Serving from 'D:\mobilequiz1'...
[info] 
[debug] [2018-10-29T05:43:08.679Z] >>> HTTP REQUEST GET https://mobilesdk-pa.googleapis.com/v1/projects/650888827175/clients/_:getWebAppConfig  
 
[debug] [2018-10-29T05:43:09.462Z] <<< HTTP RESPONSE 200
[info] i  hosting[shopee-bc901]: Serving hosting files from: public
[info] +  hosting[shopee-bc901]: Local server: http://localhost:5000
